<?xml version="1.0" encoding="UTF-8"?>
<testng-results ignored="0" total="1" passed="1" failed="0" skipped="0">
  <reporter-output>
    <line>
      <![CDATA[a-practice1]]>
    </line>
  </reporter-output>
  <suite started-at="2022-05-30T15:21:59 IST" name="Default suite" finished-at="2022-05-30T15:21:59 IST" duration-ms="70">
    <groups>
    </groups>
    <test started-at="2022-05-30T15:21:59 IST" name="Default test" finished-at="2022-05-30T15:21:59 IST" duration-ms="70">
      <class name="com.jenkinsTest.JenkinsTest$TestNgAssertTest">
        <test-method signature="practice1Test()[pri:0, instance:com.jenkinsTest.JenkinsTest$TestNgAssertTest@61386958]" started-at="2022-05-30T15:21:59 IST" name="practice1Test" finished-at="2022-05-30T15:21:59 IST" duration-ms="13" status="PASS">
          <reporter-output>
            <line>
              <![CDATA[a-practice1]]>
            </line>
          </reporter-output>
        </test-method> <!-- practice1Test -->
      </class> <!-- com.jenkinsTest.JenkinsTest$TestNgAssertTest -->
    </test> <!-- Default test -->
  </suite> <!-- Default suite -->
</testng-results>
